# JRE version: OpenJDK Runtime Environment Temurin-21.0.10+7 (21.0.10+7) (build 21.0.10+7-LTS)
# Java VM: OpenJDK 64-Bit Server VM Temurin-21.0.10+7 (21.0.10+7-LTS, mixed mode, sharing, tiered, compressed oops, compressed class ptrs, parallel gc, windows-amd64)
GC Precious Log:
 CardTable entry size: 512
 CPUs: 12 total, 12 available
 Memory: 16021M
 Large Page Support: Disabled
 NUMA Support: Disabled
 Compressed Oops: Enabled (32-bit)
 Alignments: Space 512K, Generation 512K, Heap 2M
 Heap Min Capacity: 100M
 Heap Initial Capacity: 100M
 Heap Max Capacity: 2G
 Pre-touch: Disabled
 Parallel Workers: 10
Heap:
 PSYoungGen      total 3072K, used 2236K [0x00000000d5580000, 0x00000000d5a80000, 0x0000000100000000)
  eden space 2560K, 79% used [0x00000000d5580000,0x00000000d577f298,0x00000000d5800000)
  from space 512K, 37% used [0x00000000d5a00000,0x00000000d5a30000,0x00000000d5a80000)
  to   space 512K, 0% used [0x00000000d5980000,0x00000000d5980000,0x00000000d5a00000)
 ParOldGen       total 914944K, used 331024K [0x0000000080000000, 0x00000000b7d80000, 0x00000000d5580000)
  object space 914944K, 36% used [0x0000000080000000,0x00000000943443f8,0x00000000b7d80000)
 Metaspace       used 93647K, committed 95296K, reserved 1179648K
  class space    used 9586K, committed 10304K, reserved 1048576K
GC Heap History (20 events):
Event: 55225.159 GC heap before
{Heap before GC invocations=2086 (full 5):
 PSYoungGen      total 3072K, used 3011K [0x00000000d5580000, 0x00000000d5b80000, 0x0000000100000000)
  eden space 1536K, 100% used [0x00000000d5580000,0x00000000d5700000,0x00000000d5700000)
  from space 1536K, 96% used [0x00000000d5a00000,0x00000000d5b70c30,0x00000000d5b80000)
  to   space 2048K, 0% used [0x00000000d5780000,0x00000000d5780000,0x00000000d5980000)
 ParOldGen       total 914944K, used 288872K [0x0000000080000000, 0x00000000b7d80000, 0x00000000d5580000)
  object space 914944K, 31% used [0x0000000080000000,0x0000000091a1a368,0x00000000b7d80000)
 Metaspace       used 93625K, committed 95296K, reserved 1179648K
  class space    used 9586K, committed 10304K, reserved 1048576K
}
Event: 55225.161 GC heap after
{Heap after GC invocations=2086 (full 5):
 PSYoungGen      total 2560K, used 928K [0x00000000d5580000, 0x00000000d5a80000, 0x0000000100000000)
  eden space 1536K, 0% used [0x00000000d5580000,0x00000000d5580000,0x00000000d5700000)
  from space 1024K, 90% used [0x00000000d5780000,0x00000000d5868000,0x00000000d5880000)
  to   space 1536K, 0% used [0x00000000d5900000,0x00000000d5900000,0x00000000d5a80000)
 ParOldGen       total 914944K, used 290295K [0x0000000080000000, 0x00000000b7d80000, 0x00000000d5580000)
  object space 914944K, 31% used [0x0000000080000000,0x0000000091b7dfa8,0x00000000b7d80000)
 Metaspace       used 93625K, committed 95296K, reserved 1179648K
  class space    used 9586K, committed 10304K, reserved 1048576K
}
Event: 55225.163 GC heap before
{Heap before GC invocations=2087 (full 5):
 PSYoungGen      total 2560K, used 2464K [0x00000000d5580000, 0x00000000d5a80000, 0x0000000100000000)
  eden space 1536K, 100% used [0x00000000d5580000,0x00000000d5700000,0x00000000d5700000)
  from space 1024K, 90% used [0x00000000d5780000,0x00000000d5868000,0x00000000d5880000)
  to   space 1536K, 0% used [0x00000000d5900000,0x00000000d5900000,0x00000000d5a80000)
 ParOldGen       total 914944K, used 290295K [0x0000000080000000, 0x00000000b7d80000, 0x00000000d5580000)
  object space 914944K, 31% used [0x0000000080000000,0x0000000091b7dfa8,0x00000000b7d80000)
 Metaspace       used 93627K, committed 95296K, reserved 1179648K
  class space    used 9586K, committed 10304K, reserved 1048576K
}
Event: 55225.164 GC heap after
{Heap after GC invocations=2087 (full 5):
 PSYoungGen      total 3584K, used 1120K [0x00000000d5580000, 0x00000000d5a80000, 0x0000000100000000)
  eden space 2048K, 0% used [0x00000000d5580000,0x00000000d5580000,0x00000000d5780000)
  from space 1536K, 72% used [0x00000000d5900000,0x00000000d5a18000,0x00000000d5a80000)
  to   space 1536K, 0% used [0x00000000d5780000,0x00000000d5780000,0x00000000d5900000)
 ParOldGen       total 914944K, used 291047K [0x0000000080000000, 0x00000000b7d80000, 0x00000000d5580000)
  object space 914944K, 31% used [0x0000000080000000,0x0000000091c39fa8,0x00000000b7d80000)
 Metaspace       used 93627K, committed 95296K, reserved 1179648K
  class space    used 9586K, committed 10304K, reserved 1048576K
}
Event: 55225.167 GC heap before
{Heap before GC invocations=2088 (full 5):
 PSYoungGen      total 3584K, used 3168K [0x00000000d5580000, 0x00000000d5a80000, 0x0000000100000000)
  eden space 2048K, 100% used [0x00000000d5580000,0x00000000d5780000,0x00000000d5780000)
  from space 1536K, 72% used [0x00000000d5900000,0x00000000d5a18000,0x00000000d5a80000)
  to   space 1536K, 0% used [0x00000000d5780000,0x00000000d5780000,0x00000000d5900000)
 ParOldGen       total 914944K, used 291047K [0x0000000080000000, 0x00000000b7d80000, 0x00000000d5580000)
  object space 914944K, 31% used [0x0000000080000000,0x0000000091c39fa8,0x00000000b7d80000)
 Metaspace       used 93627K, committed 95296K, reserved 1179648K
  class space    used 9586K, committed 10304K, reserved 1048576K
}
Event: 55225.170 GC heap after
{Heap after GC invocations=2088 (full 5):
 PSYoungGen      total 3584K, used 1536K [0x00000000d5580000, 0x00000000d5f00000, 0x0000000100000000)
  eden space 2048K, 0% used [0x00000000d5580000,0x00000000d5580000,0x00000000d5780000)
  from space 1536K, 100% used [0x00000000d5780000,0x00000000d5900000,0x00000000d5900000)
  to   space 3584K, 0% used [0x00000000d5b80000,0x00000000d5b80000,0x00000000d5f00000)
 ParOldGen       total 914944K, used 292463K [0x0000000080000000, 0x00000000b7d80000, 0x00000000d5580000)
  object space 914944K, 31% used [0x0000000080000000,0x0000000091d9bfa8,0x00000000b7d80000)
 Metaspace       used 93627K, committed 95296K, reserved 1179648K
  class space    used 9586K, committed 10304K, reserved 1048576K
}
Event: 55225.174 GC heap before
{Heap before GC invocations=2089 (full 5):
 PSYoungGen      total 3584K, used 3584K [0x00000000d5580000, 0x00000000d5f00000, 0x0000000100000000)
  eden space 2048K, 100% used [0x00000000d5580000,0x00000000d5780000,0x00000000d5780000)
  from space 1536K, 100% used [0x00000000d5780000,0x00000000d5900000,0x00000000d5900000)
  to   space 3584K, 0% used [0x00000000d5b80000,0x00000000d5b80000,0x00000000d5f00000)
 ParOldGen       total 914944K, used 292463K [0x0000000080000000, 0x00000000b7d80000, 0x00000000d5580000)
  object space 914944K, 31% used [0x0000000080000000,0x0000000091d9bfa8,0x00000000b7d80000)
 Metaspace       used 93627K, committed 95296K, reserved 1179648K
  class space    used 9586K, committed 10304K, reserved 1048576K
}
Event: 55225.176 GC heap after
{Heap after GC invocations=2089 (full 5):
 PSYoungGen      total 5120K, used 2080K [0x00000000d5580000, 0x00000000d5e00000, 0x0000000100000000)
  eden space 2560K, 0% used [0x00000000d5580000,0x00000000d5580000,0x00000000d5800000)
  from space 2560K, 81% used [0x00000000d5b80000,0x00000000d5d88000,0x00000000d5e00000)
  to   space 2560K, 0% used [0x00000000d5900000,0x00000000d5900000,0x00000000d5b80000)
 ParOldGen       total 914944K, used 294063K [0x0000000080000000, 0x00000000b7d80000, 0x00000000d5580000)
  object space 914944K, 32% used [0x0000000080000000,0x0000000091f2bfa8,0x00000000b7d80000)
 Metaspace       used 93627K, committed 95296K, reserved 1179648K
  class space    used 9586K, committed 10304K, reserved 1048576K
}
Event: 55225.182 GC heap before
{Heap before GC invocations=2090 (full 5):
 PSYoungGen      total 5120K, used 4639K [0x00000000d5580000, 0x00000000d5e00000, 0x0000000100000000)
  eden space 2560K, 99% used [0x00000000d5580000,0x00000000d57ffff0,0x00000000d5800000)
  from space 2560K, 81% used [0x00000000d5b80000,0x00000000d5d88000,0x00000000d5e00000)
  to   space 2560K, 0% used [0x00000000d5900000,0x00000000d5900000,0x00000000d5b80000)
 ParOldGen       total 914944K, used 294063K [0x0000000080000000, 0x00000000b7d80000, 0x00000000d5580000)
  object space 914944K, 32% used [0x0000000080000000,0x0000000091f2bfa8,0x00000000b7d80000)
 Metaspace       used 93632K, committed 95296K, reserved 1179648K
  class space    used 9586K, committed 10304K, reserved 1048576K
}
Event: 55225.185 GC heap after
{Heap after GC invocations=2090 (full 5):
 PSYoungGen      total 5632K, used 2192K [0x00000000d5580000, 0x00000000d5d80000, 0x0000000100000000)
  eden space 3072K, 0% used [0x00000000d5580000,0x00000000d5580000,0x00000000d5880000)
  from space 2560K, 85% used [0x00000000d5900000,0x00000000d5b24000,0x00000000d5b80000)
  to   space 2048K, 0% used [0x00000000d5b80000,0x00000000d5b80000,0x00000000d5d80000)
 ParOldGen       total 914944K, used 296063K [0x0000000080000000, 0x00000000b7d80000, 0x00000000d5580000)
  object space 914944K, 32% used [0x0000000080000000,0x000000009211ffa8,0x00000000b7d80000)
 Metaspace       used 93632K, committed 95296K, reserved 1179648K
  class space    used 9586K, committed 10304K, reserved 1048576K
}
Event: 55225.191 GC heap before
{Heap before GC invocations=2091 (full 5):
 PSYoungGen      total 5632K, used 4713K [0x00000000d5580000, 0x00000000d5d80000, 0x0000000100000000)
  eden space 3072K, 82% used [0x00000000d5580000,0x00000000d57f6760,0x00000000d5880000)
  from space 2560K, 85% used [0x00000000d5900000,0x00000000d5b24000,0x00000000d5b80000)
  to   space 2048K, 0% used [0x00000000d5b80000,0x00000000d5b80000,0x00000000d5d80000)
 ParOldGen       total 914944K, used 296063K [0x0000000080000000, 0x00000000b7d80000, 0x00000000d5580000)
  object space 914944K, 32% used [0x0000000080000000,0x000000009211ffa8,0x00000000b7d80000)
 Metaspace       used 93633K, committed 95296K, reserved 1179648K
  class space    used 9586K, committed 10304K, reserved 1048576K
}
Event: 55225.194 GC heap after
{Heap after GC invocations=2091 (full 5):
 PSYoungGen      total 4096K, used 2048K [0x00000000d5580000, 0x00000000d6180000, 0x0000000100000000)
  eden space 2048K, 0% used [0x00000000d5580000,0x00000000d5580000,0x00000000d5780000)
  from space 2048K, 100% used [0x00000000d5b80000,0x00000000d5d80000,0x00000000d5d80000)
  to   space 4096K, 0% used [0x00000000d5780000,0x00000000d5780000,0x00000000d5b80000)
 ParOldGen       total 914944K, used 297791K [0x0000000080000000, 0x00000000b7d80000, 0x00000000d5580000)
  object space 914944K, 32% used [0x0000000080000000,0x00000000922cffa8,0x00000000b7d80000)
 Metaspace       used 93633K, committed 95296K, reserved 1179648K
  class space    used 9586K, committed 10304K, reserved 1048576K
}
Event: 55225.479 GC heap before
{Heap before GC invocations=2092 (full 5):
 PSYoungGen      total 4096K, used 4095K [0x00000000d5580000, 0x00000000d6180000, 0x0000000100000000)
  eden space 2048K, 99% used [0x00000000d5580000,0x00000000d577fff8,0x00000000d5780000)
  from space 2048K, 100% used [0x00000000d5b80000,0x00000000d5d80000,0x00000000d5d80000)
  to   space 4096K, 0% used [0x00000000d5780000,0x00000000d5780000,0x00000000d5b80000)
 ParOldGen       total 914944K, used 297791K [0x0000000080000000, 0x00000000b7d80000, 0x00000000d5580000)
  object space 914944K, 32% used [0x0000000080000000,0x00000000922cffa8,0x00000000b7d80000)
 Metaspace       used 93633K, committed 95296K, reserved 1179648K
  class space    used 9586K, committed 10304K, reserved 1048576K
}
Event: 55225.482 GC heap after
{Heap after GC invocations=2092 (full 5):
 PSYoungGen      total 3584K, used 1056K [0x00000000d5580000, 0x00000000d5c00000, 0x0000000100000000)
  eden space 2048K, 0% used [0x00000000d5580000,0x00000000d5580000,0x00000000d5780000)
  from space 1536K, 68% used [0x00000000d5780000,0x00000000d5888020,0x00000000d5900000)
  to   space 2048K, 0% used [0x00000000d5a00000,0x00000000d5a00000,0x00000000d5c00000)
 ParOldGen       total 914944K, used 299143K [0x0000000080000000, 0x00000000b7d80000, 0x00000000d5580000)
  object space 914944K, 32% used [0x0000000080000000,0x0000000092421fa8,0x00000000b7d80000)
 Metaspace       used 93633K, committed 95296K, reserved 1179648K
  class space    used 9586K, committed 10304K, reserved 1048576K
}
Event: 55225.486 GC heap before
{Heap before GC invocations=2093 (full 5):
 PSYoungGen      total 3584K, used 3104K [0x00000000d5580000, 0x00000000d5c00000, 0x0000000100000000)
  eden space 2048K, 99% used [0x00000000d5580000,0x00000000d577fff8,0x00000000d5780000)
  from space 1536K, 68% used [0x00000000d5780000,0x00000000d5888020,0x00000000d5900000)
  to   space 2048K, 0% used [0x00000000d5a00000,0x00000000d5a00000,0x00000000d5c00000)
 ParOldGen       total 914944K, used 299143K [0x0000000080000000, 0x00000000b7d80000, 0x00000000d5580000)
  object space 914944K, 32% used [0x0000000080000000,0x0000000092421fa8,0x00000000b7d80000)
 Metaspace       used 93633K, committed 95296K, reserved 1179648K
  class space    used 9586K, committed 10304K, reserved 1048576K
}
Event: 55225.488 GC heap after
{Heap after GC invocations=2093 (full 5):
 PSYoungGen      total 3584K, used 596K [0x00000000d5580000, 0x00000000d5b00000, 0x0000000100000000)
  eden space 2560K, 0% used [0x00000000d5580000,0x00000000d5580000,0x00000000d5800000)
  from space 1024K, 58% used [0x00000000d5a00000,0x00000000d5a95200,0x00000000d5b00000)
  to   space 1024K, 0% used [0x00000000d5900000,0x00000000d5900000,0x00000000d5a00000)
 ParOldGen       total 914944K, used 299975K [0x0000000080000000, 0x00000000b7d80000, 0x00000000d5580000)
  object space 914944K, 32% used [0x0000000080000000,0x00000000924f1fc8,0x00000000b7d80000)
 Metaspace       used 93633K, committed 95296K, reserved 1179648K
  class space    used 9586K, committed 10304K, reserved 1048576K
}
Event: 55226.258 GC heap before
{Heap before GC invocations=2094 (full 5):
 PSYoungGen      total 3584K, used 3156K [0x00000000d5580000, 0x00000000d5b00000, 0x0000000100000000)
  eden space 2560K, 100% used [0x00000000d5580000,0x00000000d5800000,0x00000000d5800000)
  from space 1024K, 58% used [0x00000000d5a00000,0x00000000d5a95200,0x00000000d5b00000)
  to   space 1024K, 0% used [0x00000000d5900000,0x00000000d5900000,0x00000000d5a00000)
 ParOldGen       total 914944K, used 299975K [0x0000000080000000, 0x00000000b7d80000, 0x00000000d5580000)
  object space 914944K, 32% used [0x0000000080000000,0x00000000924f1fc8,0x00000000b7d80000)
 Metaspace       used 93634K, committed 95296K, reserved 1179648K
  class space    used 9586K, committed 10304K, reserved 1048576K
}
Event: 55226.260 GC heap after
{Heap after GC invocations=2094 (full 5):
 PSYoungGen      total 3584K, used 352K [0x00000000d5580000, 0x00000000d5a80000, 0x0000000100000000)
  eden space 2560K, 0% used [0x00000000d5580000,0x00000000d5580000,0x00000000d5800000)
  from space 1024K, 34% used [0x00000000d5900000,0x00000000d5958000,0x00000000d5a00000)
  to   space 512K, 0% used [0x00000000d5a00000,0x00000000d5a00000,0x00000000d5a80000)
 ParOldGen       total 914944K, used 300224K [0x0000000080000000, 0x00000000b7d80000, 0x00000000d5580000)
  object space 914944K, 32% used [0x0000000080000000,0x00000000925303c8,0x00000000b7d80000)
 Metaspace       used 93634K, committed 95296K, reserved 1179648K
  class space    used 9586K, committed 10304K, reserved 1048576K
}
Event: 55226.304 GC heap before
{Heap before GC invocations=2095 (full 5):
 PSYoungGen      total 3584K, used 2911K [0x00000000d5580000, 0x00000000d5a80000, 0x0000000100000000)
  eden space 2560K, 99% used [0x00000000d5580000,0x00000000d57fffe8,0x00000000d5800000)
  from space 1024K, 34% used [0x00000000d5900000,0x00000000d5958000,0x00000000d5a00000)
  to   space 512K, 0% used [0x00000000d5a00000,0x00000000d5a00000,0x00000000d5a80000)
 ParOldGen       total 914944K, used 330944K [0x0000000080000000, 0x00000000b7d80000, 0x00000000d5580000)
  object space 914944K, 36% used [0x0000000080000000,0x00000000943303f8,0x00000000b7d80000)
 Metaspace       used 93636K, committed 95296K, reserved 1179648K
  class space    used 9586K, committed 10304K, reserved 1048576K
}
Event: 55226.305 GC heap after
{Heap after GC invocations=2095 (full 5):
 PSYoungGen      total 3072K, used 192K [0x00000000d5580000, 0x00000000d5a80000, 0x0000000100000000)
  eden space 2560K, 0% used [0x00000000d5580000,0x00000000d5580000,0x00000000d5800000)
  from space 512K, 37% used [0x00000000d5a00000,0x00000000d5a30000,0x00000000d5a80000)
  to   space 512K, 0% used [0x00000000d5980000,0x00000000d5980000,0x00000000d5a00000)
 ParOldGen       total 914944K, used 331024K [0x0000000080000000, 0x00000000b7d80000, 0x00000000d5580000)
  object space 914944K, 36% used [0x0000000080000000,0x00000000943443f8,0x00000000b7d80000)
 Metaspace       used 93636K, committed 95296K, reserved 1179648K
  class space    used 9586K, committed 10304K, reserved 1048576K
}

